<?xml version="1.0" encoding="UTF-8" ?>
<testsuite 
errors="0" failures="0" hostname="FVFC61W2L414" name="services.TPIClaimsServiceSpec" tests="27" time="4.51" timestamp="2023-05-30T11:13:32">
  <properties>
    <property name="jline.esc.timeout" value="0"/>
    <property name="jna.platform.library.path" value="/usr/lib:/usr/lib"/>
    <property
    name="java.runtime.name" value="Java(TM) SE Runtime Environment"/>
    <property name="java.vm.version" value="11.0.18+9-LTS-195"/>
    <property
    name="sun.boot.library.path" value="/Library/Java/JavaVirtualMachines/jdk-11.jdk/Contents/Home/lib"/>
    <property name="gopherProxySet" value="false"/>
    <property name="java.vm.vendor" value="Oracle Corporation"/>
    <property name="java.vendor.url" value="https://openjdk.java.net/"/>
    <property name="path.separator" value=":"/>
    <property name="jna.loaded" value="true"/>
    <property name="java.vm.name" value="Java HotSpot(TM) 64-Bit Server VM"/>
    <property name="sun.os.patch.level" value="unknown"/>
    <property name="user.country" value="GB"/>
    <property name="sun.java.launcher" value="SUN_STANDARD"/>
    <property name="jna.nosys" value="true"/>
    <property
    name="java.vm.specification.name" value="Java Virtual Machine Specification"/>
    <property
    name="user.dir" value="/Users/adamcooper/Documents/GitHub/CDS/customs-financials-api"/>
    <property name="java.vm.compressedOopsMode" value="Zero based"/>
    <property name="java.runtime.version" value="11.0.18+9-LTS-195"/>
    <property
    name="java.awt.graphicsenv" value="sun.awt.CGraphicsEnvironment"/>
    <property name="os.arch" value="x86_64"/>
    <property
    name="java.io.tmpdir" value="/var/folders/mr/kfkv2yws6y70zyg16b_hx9dc0000gp/T/"/>
    <property name="line.separator" value=" "/>
    <property name="java.vm.specification.vendor" value="Oracle Corporation"/>
    <property name="log4j.ignoreTCL" value="true"/>
    <property name="os.name" value="Mac OS X"/>
    <property name="sun.jnu.encoding" value="UTF-8"/>
    <property
    name="scala.ext.dirs" value="/Users/adamcooper/.sbt/0.13/java9-rt-ext-oracle_corporation_11_0_18"/>
    <property
    name="jnidispatch.path" value="/Users/adamcooper/Library/Caches/JNA/temp/jna7272367651246500942.tmp"/>
    <property
    name="java.library.path" value="/Users/adamcooper/Library/Java/Extensions:/Library/Java/Extensions:/Network/Library/Java/Extensions:/System/Library/Java/Extensions:/usr/lib/java:."/>
    <property name="jdk.debug" value="release"/>
    <property name="java.class.version" value="55.0"/>
    <property
    name="java.specification.name" value="Java Platform API Specification"/>
    <property
    name="sbt.ipcsocket.tmpdir" value="/var/folders/mr/kfkv2yws6y70zyg16b_hx9dc0000gp/T/.sbt260f86cc/ipcsocket"/>
    <property
    name="sun.management.compiler" value="HotSpot 64-Bit Tiered Compilers"/>
    <property name="os.version" value="10.15.7"/>
    <property
    name="http.nonProxyHosts" value="local|*.local|169.254/16|*.169.254/16"/>
    <property name="user.home" value="/Users/adamcooper"/>
    <property
    name="swoval.tmpdir" value="/var/folders/mr/kfkv2yws6y70zyg16b_hx9dc0000gp/T/.sbt260f86cc/swoval"/>
    <property name="user.timezone" value="Europe/London"/>
    <property name="java.awt.printerjob" value="sun.lwawt.macosx.CPrinterJob"/>
    <property name="file.encoding" value="UTF-8"/>
    <property name="java.specification.version" value="11"/>
    <property name="user.name" value="adamcooper"/>
    <property
    name="java.class.path" value="/usr/local/Cellar/sbt/1.4.2/libexec/bin/sbt-launch.jar"/>
    <property name="jline.shutdownhook" value="false"/>
    <property name="java.vm.specification.version" value="11"/>
    <property name="sun.arch.data.model" value="64"/>
    <property
    name="sun.java.command" value="/usr/local/Cellar/sbt/1.4.2/libexec/bin/sbt-launch.jar"/>
    <property
    name="java.home" value="/Library/Java/JavaVirtualMachines/jdk-11.jdk/Contents/Home"/>
    <property name="user.language" value="en"/>
    <property name="java.specification.vendor" value="Oracle Corporation"/>
    <property name="awt.toolkit" value="sun.lwawt.macosx.LWCToolkit"/>
    <property name="java.vm.info" value="mixed mode"/>
    <property name="java.version" value="11.0.18"/>
    <property name="java.vendor" value="Oracle Corporation"/>
    <property name="file.separator" value="/"/>
    <property name="java.version.date" value="2023-01-17"/>
    <property
    name="java.vendor.url.bug" value="https://bugreport.java.com/bugreport/"/>
    <property name="sun.io.unicode.encoding" value="UnicodeBig"/>
    <property name="sun.cpu.endian" value="little"/>
    <property name="java.vendor.version" value="18.9"/>
    <property
    name="socksNonProxyHosts" value="local|*.local|169.254/16|*.169.254/16"/>
    <property
    name="ftp.nonProxyHosts" value="local|*.local|169.254/16|*.169.254/16"/>
    <property name="sun.cpu.isalist" value=""/>
  </properties>
  <testcase 
  name="TPIClaimsService when calling get Claims should successfully returns CDFPayCaseDetail with NDRC claim status Open and SCTY claim status Open" classname="services.TPIClaimsServiceSpec" time="0.191">
</testcase>
  <testcase 
  name="TPIClaimsService when calling get Claims should successfully returns CDFPayCaseDetail with NDRC claim status Open-Analysis and SCTY claim status Pending-Approval" classname="services.TPIClaimsServiceSpec" time="0.127">
</testcase>
  <testcase 
  name="TPIClaimsService when calling get Claims should successfully returns CDFPayCaseDetail with NDRC claim status Pending-Approval and SCTY claim status Pending-Payment" classname="services.TPIClaimsServiceSpec" time="0.129">
</testcase>
  <testcase 
  name="TPIClaimsService when calling get Claims should successfully returns CDFPayCaseDetail with NDRC claim status Pending-Queried and SCTY claim status Partial Refund" classname="services.TPIClaimsServiceSpec" time="0.191">
</testcase>
  <testcase 
  name="TPIClaimsService when calling get Claims should successfully returns CDFPayCaseDetail with NDRC claim status Resolved-Withdrawn and SCTY claim status Resolved-Refund" classname="services.TPIClaimsServiceSpec" time="0.142">
</testcase>
  <testcase 
  name="TPIClaimsService when calling get Claims should successfully returns CDFPayCaseDetail with NDRC claim status Rejected-Failed Validation and SCTY claim status Pending-Query" classname="services.TPIClaimsServiceSpec" time="0.128">
</testcase>
  <testcase 
  name="TPIClaimsService when calling get Claims should successfully returns CDFPayCaseDetail with NDRC claim status Resolved-Rejected and SCTY claim status Resolved-Manual BTA" classname="services.TPIClaimsServiceSpec" time="0.136">
</testcase>
  <testcase 
  name="TPIClaimsService when calling get Claims should successfully returns CDFPayCaseDetail with NDRC claim status Open-Rework and SCTY claim status Pending-C18" classname="services.TPIClaimsServiceSpec" time="0.141">
</testcase>
  <testcase 
  name="TPIClaimsService when calling get Claims should successfully returns CDFPayCaseDetail with NDRC claim status Paused and SCTY claim status Closed-C18 Raised" classname="services.TPIClaimsServiceSpec" time="0.123">
</testcase>
  <testcase 
  name="TPIClaimsService when calling get Claims should successfully returns CDFPayCaseDetail with NDRC claim status Resolved-No Reply and SCTY claim status RTBH Letter Initiated" classname="services.TPIClaimsServiceSpec" time="0.125">
</testcase>
  <testcase 
  name="TPIClaimsService when calling get Claims should successfully returns CDFPayCaseDetail with NDRC claim status Resolved-Refused and SCTY claim status Awaiting RTBH Letter Response" classname="services.TPIClaimsServiceSpec" time="0.135">
</testcase>
  <testcase 
  name="TPIClaimsService when calling get Claims should successfully returns CDFPayCaseDetail with NDRC claim status Pending Payment Confirmation and SCTY claim status Reminder Letter Initiated" classname="services.TPIClaimsServiceSpec" time="0.126">
</testcase>
  <testcase 
  name="TPIClaimsService when calling get Claims should successfully returns CDFPayCaseDetail with NDRC claim status Resolved-Approved and SCTY claim status Awaiting Reminder Letter Response" classname="services.TPIClaimsServiceSpec" time="0.137">
</testcase>
  <testcase 
  name="TPIClaimsService when calling get Claims should successfully returns CDFPayCaseDetail with NDRC claim status Resolved-Partial Refused and SCTY claim status Decision Letter Initiated" classname="services.TPIClaimsServiceSpec" time="0.137">
</testcase>
  <testcase 
  name="TPIClaimsService when calling get Claims should successfully returns CDFPayCaseDetail with NDRC claim status Pending Decision Letter and SCTY claim status Partial BTA" classname="services.TPIClaimsServiceSpec" time="1.156">
</testcase>
  <testcase 
  name="TPIClaimsService when calling get Claims should successfully returns CDFPayCaseDetail with NDRC claim status Approved and SCTY claim status Partial BTA/Refund" classname="services.TPIClaimsServiceSpec" time="0.112">
</testcase>
  <testcase 
  name="TPIClaimsService when calling get Claims should successfully returns CDFPayCaseDetail with NDRC claim status Analysis-Rework and SCTY claim status Resolved-Auto BTA" classname="services.TPIClaimsServiceSpec" time="0.111">
</testcase>
  <testcase 
  name="TPIClaimsService when calling get Claims should successfully returns CDFPayCaseDetail with NDRC claim status Rework-Payment Details and SCTY claim status Resolved-Manual BTA/Refund" classname="services.TPIClaimsServiceSpec" time="0.109">
</testcase>
  <testcase 
  name="TPIClaimsService when calling get Claims should successfully returns CDFPayCaseDetail with NDRC claim status Pending-RTBH and SCTY claim status Open-Extension Granted" classname="services.TPIClaimsServiceSpec" time="0.117">
</testcase>
  <testcase 
  name="TPIClaimsService when calling get Claims should successfully returns CDFPayCaseDetail with NDRC claim status RTBH Sent and SCTY claim status Resolved-Withdrawn" classname="services.TPIClaimsServiceSpec" time="0.098">
</testcase>
  <testcase 
  name="TPIClaimsService when calling get Claims should successfully returns CDFPayCaseDetail with NDRC claim status Reply To RTBH and SCTY claim status Pending-Approval" classname="services.TPIClaimsServiceSpec" time="0.11">
</testcase>
  <testcase 
  name="TPIClaimsService when calling get Claims should successfully returns CDFPayCaseDetail with NDRC claim status Pending-Compliance Recommendation and SCTY claim status Pending-Payment" classname="services.TPIClaimsServiceSpec" time="0.108">
</testcase>
  <testcase 
  name="TPIClaimsService when calling get Claims should successfully returns CDFPayCaseDetail with NDRC claim status Pending-Compliance Check Query and SCTY claim status Partial Refund" classname="services.TPIClaimsServiceSpec" time="0.119">
</testcase>
  <testcase 
  name="TPIClaimsService when calling get Claims should successfully returns CDFPayCaseDetail with NDRC claim status Pending-Compliance Check and SCTY claim status Resolved-Refund" classname="services.TPIClaimsServiceSpec" time="0.112">
</testcase>
  <testcase 
  name="TPIClaimsService when calling get Specific Claims should successfully returns NDRC CDFPayCase" classname="services.TPIClaimsServiceSpec" time="0.131">
</testcase>
  <testcase 
  name="TPIClaimsService when calling get Specific Claims should successfully returns SCTY CDFPayCase" classname="services.TPIClaimsServiceSpec" time="0.123">
</testcase>
  <testcase 
  name="TPIClaimsService when calling get Specific Claims should return None if no declarationId present" classname="services.TPIClaimsServiceSpec" time="0.117">
</testcase>
  <system-out><![CDATA[]]></system-out>
  <system-err><![CDATA[]]></system-err>
</testsuite>
